<?xml version="1.0" encoding="UTF-8"?>
<!-- Generated by org.testng.reporters.JUnitXMLReporter -->
<testsuite ignored="0" hostname="NLPULTP7204778" failures="0" tests="12" name="Default test" time="32.936" errors="0" timestamp="2025-06-14T16:07:10 IST">
  <testcase classname="api.tests.DDTests" name="testPostuser" time="7.295"/>
  <testcase classname="api.tests.DDTests" name="testPostuser" time="1.768"/>
  <testcase classname="api.tests.DDTests" name="testPostuser" time="1.627"/>
  <testcase classname="api.tests.DDTests" name="testPostuser" time="1.733"/>
  <testcase classname="api.tests.DDTests" name="testGetuserbyUserName" time="2.042"/>
  <testcase classname="api.tests.DDTests" name="testGetuserbyUserName" time="1.822"/>
  <testcase classname="api.tests.DDTests" name="testGetuserbyUserName" time="1.73"/>
  <testcase classname="api.tests.DDTests" name="testGetuserbyUserName" time="1.533"/>
  <testcase classname="api.tests.DDTests" name="testDeleteuserbyUserName" time="1.564"/>
  <testcase classname="api.tests.DDTests" name="testDeleteuserbyUserName" time="1.923"/>
  <testcase classname="api.tests.DDTests" name="testDeleteuserbyUserName" time="1.632"/>
  <testcase classname="api.tests.DDTests" name="testDeleteuserbyUserName" time="1.737"/>
</testsuite> <!-- Default test -->
