<?xml version="1.0" encoding="UTF-8"?>
<!-- Generated by org.testng.reporters.JUnitXMLReporter -->
<testsuite ignored="0" hostname="NLPULTP7204778" failures="0" tests="4" name="PetTest" time="14.95" errors="0" timestamp="2025-06-16T10:53:15 IST">
  <testcase classname="api.tests.UserTests2" name="test_PostUser" time="5.763"/>
  <testcase classname="api.tests.UserTests2" name="test_GetUserbyName" time="2.316"/>
  <testcase classname="api.tests.UserTests2" name="test_UpdateUserbyName" time="2.784"/>
  <testcase classname="api.tests.UserTests2" name="test_DeleteUserbyName" time="1.345"/>
</testsuite> <!-- PetTest -->
