<?xml version="1.0" encoding="UTF-8"?>
<!-- Generated by org.testng.reporters.JUnitXMLReporter -->
<testsuite ignored="0" hostname="NLPULTP7204778" failures="0" tests="4" name="PetTest" time="15.059" errors="0" timestamp="2025-06-14T16:17:53 IST">
  <testcase classname="api.tests.UserTests2" name="test_PostUser" time="5.932"/>
  <testcase classname="api.tests.UserTests2" name="test_GetUserbyName" time="1.825"/>
  <testcase classname="api.tests.UserTests2" name="test_UpdateUserbyName" time="2.785"/>
  <testcase classname="api.tests.UserTests2" name="test_DeleteUserbyName" time="1.365"/>
</testsuite> <!-- PetTest -->
