<?xml version="1.0" encoding="UTF-8"?>
<testng-results ignored="0" total="4" passed="4" failed="0" skipped="0">
  <reporter-output>
  </reporter-output>
  <suite started-at="2025-06-14T16:17:38 IST" name="Suite" finished-at="2025-06-14T16:17:53 IST" duration-ms="15059">
    <groups>
    </groups>
    <test started-at="2025-06-14T16:17:38 IST" name="PetTest" finished-at="2025-06-14T16:17:53 IST" duration-ms="15059">
      <class name="api.tests.UserTests2">
        <test-method is-config="true" signature="Setup()[pri:0, instance:api.tests.UserTests2@708f5957]" started-at="2025-06-14T16:17:39 IST" name="Setup" finished-at="2025-06-14T16:17:41 IST" duration-ms="2221" status="PASS">
          <reporter-output>
          </reporter-output>
        </test-method> <!-- Setup -->
        <test-method signature="test_PostUser()[pri:1, instance:api.tests.UserTests2@708f5957]" started-at="2025-06-14T16:17:41 IST" name="test_PostUser" finished-at="2025-06-14T16:17:47 IST" duration-ms="5932" status="PASS">
          <reporter-output>
          </reporter-output>
        </test-method> <!-- test_PostUser -->
        <test-method signature="test_GetUserbyName()[pri:2, instance:api.tests.UserTests2@708f5957]" started-at="2025-06-14T16:17:47 IST" name="test_GetUserbyName" finished-at="2025-06-14T16:17:49 IST" duration-ms="1825" status="PASS">
          <reporter-output>
          </reporter-output>
        </test-method> <!-- test_GetUserbyName -->
        <test-method signature="test_UpdateUserbyName()[pri:3, instance:api.tests.UserTests2@708f5957]" started-at="2025-06-14T16:17:49 IST" name="test_UpdateUserbyName" finished-at="2025-06-14T16:17:51 IST" duration-ms="2785" status="PASS">
          <reporter-output>
          </reporter-output>
        </test-method> <!-- test_UpdateUserbyName -->
        <test-method signature="test_DeleteUserbyName()[pri:4, instance:api.tests.UserTests2@708f5957]" started-at="2025-06-14T16:17:51 IST" name="test_DeleteUserbyName" finished-at="2025-06-14T16:17:53 IST" duration-ms="1365" status="PASS">
          <reporter-output>
          </reporter-output>
        </test-method> <!-- test_DeleteUserbyName -->
      </class> <!-- api.tests.UserTests2 -->
    </test> <!-- PetTest -->
  </suite> <!-- Suite -->
</testng-results>
