<?xml version="1.0" encoding="UTF-8"?>
<testng-results ignored="0" total="4" passed="4" failed="0" skipped="0">
  <reporter-output>
  </reporter-output>
  <suite started-at="2025-06-16T10:53:00 IST" name="Suite" finished-at="2025-06-16T10:53:14 IST" duration-ms="14950">
    <groups>
    </groups>
    <test started-at="2025-06-16T10:53:00 IST" name="PetTest" finished-at="2025-06-16T10:53:14 IST" duration-ms="14950">
      <class name="api.tests.UserTests2">
        <test-method is-config="true" signature="Setup()[pri:0, instance:api.tests.UserTests2@6aeb35e6]" started-at="2025-06-16T10:53:00 IST" name="Setup" finished-at="2025-06-16T10:53:02 IST" duration-ms="1795" status="PASS">
          <reporter-output>
          </reporter-output>
        </test-method> <!-- Setup -->
        <test-method signature="test_PostUser()[pri:1, instance:api.tests.UserTests2@6aeb35e6]" started-at="2025-06-16T10:53:02 IST" name="test_PostUser" finished-at="2025-06-16T10:53:08 IST" duration-ms="5763" status="PASS">
          <reporter-output>
          </reporter-output>
        </test-method> <!-- test_PostUser -->
        <test-method signature="test_GetUserbyName()[pri:2, instance:api.tests.UserTests2@6aeb35e6]" started-at="2025-06-16T10:53:08 IST" name="test_GetUserbyName" finished-at="2025-06-16T10:53:10 IST" duration-ms="2316" status="PASS">
          <reporter-output>
          </reporter-output>
        </test-method> <!-- test_GetUserbyName -->
        <test-method signature="test_UpdateUserbyName()[pri:3, instance:api.tests.UserTests2@6aeb35e6]" started-at="2025-06-16T10:53:10 IST" name="test_UpdateUserbyName" finished-at="2025-06-16T10:53:13 IST" duration-ms="2784" status="PASS">
          <reporter-output>
          </reporter-output>
        </test-method> <!-- test_UpdateUserbyName -->
        <test-method signature="test_DeleteUserbyName()[pri:4, instance:api.tests.UserTests2@6aeb35e6]" started-at="2025-06-16T10:53:13 IST" name="test_DeleteUserbyName" finished-at="2025-06-16T10:53:14 IST" duration-ms="1345" status="PASS">
          <reporter-output>
          </reporter-output>
        </test-method> <!-- test_DeleteUserbyName -->
      </class> <!-- api.tests.UserTests2 -->
    </test> <!-- PetTest -->
  </suite> <!-- Suite -->
</testng-results>
