<?xml version="1.0" encoding="UTF-8"?>
<testng-results ignored="0" total="12" passed="12" failed="0" skipped="0">
  <reporter-output>
  </reporter-output>
  <suite started-at="2025-06-14T16:06:37 IST" name="Default suite" finished-at="2025-06-14T16:07:10 IST" duration-ms="32936">
    <groups>
    </groups>
    <test started-at="2025-06-14T16:06:37 IST" name="Default test" finished-at="2025-06-14T16:07:10 IST" duration-ms="32936">
      <class name="api.tests.DDTests">
        <test-method signature="testPostuser(java.lang.String,java.lang.String,java.lang.String,java.lang.String,java.lang.String,java.lang.String,java.lang.String)[pri:1, instance:api.tests.DDTests@16293aa2]" started-at="2025-06-14T16:06:43 IST" name="testPostuser" data-provider="Data" finished-at="2025-06-14T16:06:50 IST" duration-ms="7295" status="PASS">
          <params>
            <param index="0">
              <value>
                <![CDATA[1010]]>
              </value>
            </param>
            <param index="1">
              <value>
                <![CDATA[testuser1]]>
              </value>
            </param>
            <param index="2">
              <value>
                <![CDATA[John]]>
              </value>
            </param>
            <param index="3">
              <value>
                <![CDATA[Canedy]]>
              </value>
            </param>
            <param index="4">
              <value>
                <![CDATA[a@gmail.com]]>
              </value>
            </param>
            <param index="5">
              <value>
                <![CDATA[test@1]]>
              </value>
            </param>
            <param index="6">
              <value>
                <![CDATA[1234567897]]>
              </value>
            </param>
          </params>
          <reporter-output>
          </reporter-output>
        </test-method> <!-- testPostuser -->
        <test-method signature="testPostuser(java.lang.String,java.lang.String,java.lang.String,java.lang.String,java.lang.String,java.lang.String,java.lang.String)[pri:1, instance:api.tests.DDTests@16293aa2]" started-at="2025-06-14T16:06:50 IST" name="testPostuser" data-provider="Data" finished-at="2025-06-14T16:06:52 IST" duration-ms="1768" status="PASS">
          <params>
            <param index="0">
              <value>
                <![CDATA[1020]]>
              </value>
            </param>
            <param index="1">
              <value>
                <![CDATA[testuser2]]>
              </value>
            </param>
            <param index="2">
              <value>
                <![CDATA[Kim]]>
              </value>
            </param>
            <param index="3">
              <value>
                <![CDATA[Kom]]>
              </value>
            </param>
            <param index="4">
              <value>
                <![CDATA[b@gmail.com]]>
              </value>
            </param>
            <param index="5">
              <value>
                <![CDATA[test@2]]>
              </value>
            </param>
            <param index="6">
              <value>
                <![CDATA[1234567897]]>
              </value>
            </param>
          </params>
          <reporter-output>
          </reporter-output>
        </test-method> <!-- testPostuser -->
        <test-method signature="testPostuser(java.lang.String,java.lang.String,java.lang.String,java.lang.String,java.lang.String,java.lang.String,java.lang.String)[pri:1, instance:api.tests.DDTests@16293aa2]" started-at="2025-06-14T16:06:52 IST" name="testPostuser" data-provider="Data" finished-at="2025-06-14T16:06:53 IST" duration-ms="1627" status="PASS">
          <params>
            <param index="0">
              <value>
                <![CDATA[1030]]>
              </value>
            </param>
            <param index="1">
              <value>
                <![CDATA[testuser3]]>
              </value>
            </param>
            <param index="2">
              <value>
                <![CDATA[Smith]]>
              </value>
            </param>
            <param index="3">
              <value>
                <![CDATA[Steve]]>
              </value>
            </param>
            <param index="4">
              <value>
                <![CDATA[c@gmail.com]]>
              </value>
            </param>
            <param index="5">
              <value>
                <![CDATA[test@3]]>
              </value>
            </param>
            <param index="6">
              <value>
                <![CDATA[1234567897]]>
              </value>
            </param>
          </params>
          <reporter-output>
          </reporter-output>
        </test-method> <!-- testPostuser -->
        <test-method signature="testPostuser(java.lang.String,java.lang.String,java.lang.String,java.lang.String,java.lang.String,java.lang.String,java.lang.String)[pri:1, instance:api.tests.DDTests@16293aa2]" started-at="2025-06-14T16:06:53 IST" name="testPostuser" data-provider="Data" finished-at="2025-06-14T16:06:55 IST" duration-ms="1733" status="PASS">
          <params>
            <param index="0">
              <value>
                <![CDATA[1040]]>
              </value>
            </param>
            <param index="1">
              <value>
                <![CDATA[testuser4]]>
              </value>
            </param>
            <param index="2">
              <value>
                <![CDATA[Alice]]>
              </value>
            </param>
            <param index="3">
              <value>
                <![CDATA[Brown]]>
              </value>
            </param>
            <param index="4">
              <value>
                <![CDATA[d@gmail.com]]>
              </value>
            </param>
            <param index="5">
              <value>
                <![CDATA[test@4]]>
              </value>
            </param>
            <param index="6">
              <value>
                <![CDATA[1234567897]]>
              </value>
            </param>
          </params>
          <reporter-output>
          </reporter-output>
        </test-method> <!-- testPostuser -->
        <test-method signature="testGetuserbyUserName(java.lang.String)[pri:0, instance:api.tests.DDTests@16293aa2]" started-at="2025-06-14T16:06:55 IST" name="testGetuserbyUserName" data-provider="UserNames" finished-at="2025-06-14T16:06:58 IST" depends-on-methods="api.tests.DDTests.testPostuser" duration-ms="2042" status="PASS">
          <params>
            <param index="0">
              <value>
                <![CDATA[testuser1]]>
              </value>
            </param>
          </params>
          <reporter-output>
          </reporter-output>
        </test-method> <!-- testGetuserbyUserName -->
        <test-method signature="testGetuserbyUserName(java.lang.String)[pri:0, instance:api.tests.DDTests@16293aa2]" started-at="2025-06-14T16:06:58 IST" name="testGetuserbyUserName" data-provider="UserNames" finished-at="2025-06-14T16:06:59 IST" depends-on-methods="api.tests.DDTests.testPostuser" duration-ms="1822" status="PASS">
          <params>
            <param index="0">
              <value>
                <![CDATA[testuser2]]>
              </value>
            </param>
          </params>
          <reporter-output>
          </reporter-output>
        </test-method> <!-- testGetuserbyUserName -->
        <test-method signature="testGetuserbyUserName(java.lang.String)[pri:0, instance:api.tests.DDTests@16293aa2]" started-at="2025-06-14T16:06:59 IST" name="testGetuserbyUserName" data-provider="UserNames" finished-at="2025-06-14T16:07:01 IST" depends-on-methods="api.tests.DDTests.testPostuser" duration-ms="1730" status="PASS">
          <params>
            <param index="0">
              <value>
                <![CDATA[testuser3]]>
              </value>
            </param>
          </params>
          <reporter-output>
          </reporter-output>
        </test-method> <!-- testGetuserbyUserName -->
        <test-method signature="testGetuserbyUserName(java.lang.String)[pri:0, instance:api.tests.DDTests@16293aa2]" started-at="2025-06-14T16:07:01 IST" name="testGetuserbyUserName" data-provider="UserNames" finished-at="2025-06-14T16:07:03 IST" depends-on-methods="api.tests.DDTests.testPostuser" duration-ms="1533" status="PASS">
          <params>
            <param index="0">
              <value>
                <![CDATA[testuser4]]>
              </value>
            </param>
          </params>
          <reporter-output>
          </reporter-output>
        </test-method> <!-- testGetuserbyUserName -->
        <test-method signature="testDeleteuserbyUserName(java.lang.String)[pri:0, instance:api.tests.DDTests@16293aa2]" started-at="2025-06-14T16:07:03 IST" name="testDeleteuserbyUserName" data-provider="UserNames" finished-at="2025-06-14T16:07:04 IST" depends-on-methods="api.tests.DDTests.testGetuserbyUserName" duration-ms="1564" status="PASS">
          <params>
            <param index="0">
              <value>
                <![CDATA[testuser1]]>
              </value>
            </param>
          </params>
          <reporter-output>
          </reporter-output>
        </test-method> <!-- testDeleteuserbyUserName -->
        <test-method signature="testDeleteuserbyUserName(java.lang.String)[pri:0, instance:api.tests.DDTests@16293aa2]" started-at="2025-06-14T16:07:04 IST" name="testDeleteuserbyUserName" data-provider="UserNames" finished-at="2025-06-14T16:07:06 IST" depends-on-methods="api.tests.DDTests.testGetuserbyUserName" duration-ms="1923" status="PASS">
          <params>
            <param index="0">
              <value>
                <![CDATA[testuser2]]>
              </value>
            </param>
          </params>
          <reporter-output>
          </reporter-output>
        </test-method> <!-- testDeleteuserbyUserName -->
        <test-method signature="testDeleteuserbyUserName(java.lang.String)[pri:0, instance:api.tests.DDTests@16293aa2]" started-at="2025-06-14T16:07:06 IST" name="testDeleteuserbyUserName" data-provider="UserNames" finished-at="2025-06-14T16:07:08 IST" depends-on-methods="api.tests.DDTests.testGetuserbyUserName" duration-ms="1632" status="PASS">
          <params>
            <param index="0">
              <value>
                <![CDATA[testuser3]]>
              </value>
            </param>
          </params>
          <reporter-output>
          </reporter-output>
        </test-method> <!-- testDeleteuserbyUserName -->
        <test-method signature="testDeleteuserbyUserName(java.lang.String)[pri:0, instance:api.tests.DDTests@16293aa2]" started-at="2025-06-14T16:07:08 IST" name="testDeleteuserbyUserName" data-provider="UserNames" finished-at="2025-06-14T16:07:10 IST" depends-on-methods="api.tests.DDTests.testGetuserbyUserName" duration-ms="1737" status="PASS">
          <params>
            <param index="0">
              <value>
                <![CDATA[testuser4]]>
              </value>
            </param>
          </params>
          <reporter-output>
          </reporter-output>
        </test-method> <!-- testDeleteuserbyUserName -->
      </class> <!-- api.tests.DDTests -->
    </test> <!-- Default test -->
  </suite> <!-- Default suite -->
</testng-results>
